{"/Users/deluxan.mariathasan/Documents/Projects/Crave/apps/auth-service/src/controllers/auth.controller.ts": {"path":"/Users/deluxan.mariathasan/Documents/Projects/Crave/apps/auth-service/src/controllers/auth.controller.ts","statementMap":{"0":{"start":{"line":8,"column":24},"end":{"line":32,"column":null}},"1":{"start":{"line":9,"column":2},"end":{"line":31,"column":null}},"2":{"start":{"line":10,"column":38},"end":{"line":10,"column":null}},"3":{"start":{"line":12,"column":25},"end":{"line":12,"column":null}},"4":{"start":{"line":14,"column":4},"end":{"line":17,"column":null}},"5":{"start":{"line":15,"column":6},"end":{"line":15,"column":null}},"6":{"start":{"line":16,"column":6},"end":{"line":16,"column":null}},"7":{"start":{"line":19,"column":27},"end":{"line":19,"column":null}},"8":{"start":{"line":20,"column":17},"end":{"line":22,"column":null}},"9":{"start":{"line":24,"column":4},"end":{"line":24,"column":null}},"10":{"start":{"line":26,"column":4},"end":{"line":29,"column":null}},"11":{"start":{"line":27,"column":6},"end":{"line":27,"column":null}},"12":{"start":{"line":28,"column":6},"end":{"line":28,"column":null}},"13":{"start":{"line":30,"column":4},"end":{"line":30,"column":null}},"14":{"start":{"line":34,"column":21},"end":{"line":62,"column":null}},"15":{"start":{"line":35,"column":2},"end":{"line":61,"column":null}},"16":{"start":{"line":36,"column":32},"end":{"line":36,"column":null}},"17":{"start":{"line":38,"column":17},"end":{"line":38,"column":null}},"18":{"start":{"line":39,"column":4},"end":{"line":42,"column":null}},"19":{"start":{"line":40,"column":6},"end":{"line":40,"column":null}},"20":{"start":{"line":41,"column":6},"end":{"line":41,"column":null}},"21":{"start":{"line":44,"column":28},"end":{"line":44,"column":null}},"22":{"start":{"line":45,"column":4},"end":{"line":48,"column":null}},"23":{"start":{"line":46,"column":6},"end":{"line":46,"column":null}},"24":{"start":{"line":47,"column":6},"end":{"line":47,"column":null}},"25":{"start":{"line":50,"column":18},"end":{"line":52,"column":null}},"26":{"start":{"line":54,"column":4},"end":{"line":54,"column":null}},"27":{"start":{"line":56,"column":4},"end":{"line":59,"column":null}},"28":{"start":{"line":57,"column":6},"end":{"line":57,"column":null}},"29":{"start":{"line":58,"column":6},"end":{"line":58,"column":null}},"30":{"start":{"line":60,"column":4},"end":{"line":60,"column":null}}},"fnMap":{"0":{"name":"(anonymous_0)","decl":{"start":{"line":8,"column":24},"end":{"line":8,"column":31}},"loc":{"start":{"line":8,"column":78},"end":{"line":32,"column":null}},"line":8},"1":{"name":"(anonymous_1)","decl":{"start":{"line":34,"column":21},"end":{"line":34,"column":28}},"loc":{"start":{"line":34,"column":75},"end":{"line":62,"column":null}},"line":34}},"branchMap":{"0":{"loc":{"start":{"line":14,"column":4},"end":{"line":17,"column":null}},"type":"if","locations":[{"start":{"line":14,"column":4},"end":{"line":17,"column":null}},{"start":{},"end":{}}],"line":14},"1":{"loc":{"start":{"line":26,"column":4},"end":{"line":29,"column":null}},"type":"if","locations":[{"start":{"line":26,"column":4},"end":{"line":29,"column":null}},{"start":{},"end":{}}],"line":26},"2":{"loc":{"start":{"line":39,"column":4},"end":{"line":42,"column":null}},"type":"if","locations":[{"start":{"line":39,"column":4},"end":{"line":42,"column":null}},{"start":{},"end":{}}],"line":39},"3":{"loc":{"start":{"line":45,"column":4},"end":{"line":48,"column":null}},"type":"if","locations":[{"start":{"line":45,"column":4},"end":{"line":48,"column":null}},{"start":{},"end":{}}],"line":45},"4":{"loc":{"start":{"line":56,"column":4},"end":{"line":59,"column":null}},"type":"if","locations":[{"start":{"line":56,"column":4},"end":{"line":59,"column":null}},{"start":{},"end":{}}],"line":56}},"s":{"0":1,"1":2,"2":2,"3":2,"4":2,"5":1,"6":1,"7":1,"8":1,"9":1,"10":0,"11":0,"12":0,"13":0,"14":1,"15":1,"16":1,"17":1,"18":1,"19":0,"20":0,"21":1,"22":1,"23":0,"24":0,"25":1,"26":1,"27":0,"28":0,"29":0,"30":0},"f":{"0":2,"1":1},"b":{"0":[1,1],"1":[0,0],"2":[0,1],"3":[0,1],"4":[0,0]},"meta":{"lastBranch":5,"lastFunction":2,"lastStatement":31,"seen":{"s:8:24:32:Infinity":0,"f:8:24:8:31":0,"s:9:2:31:Infinity":1,"s:10:38:10:Infinity":2,"s:12:25:12:Infinity":3,"b:14:4:17:Infinity:undefined:undefined:undefined:undefined":0,"s:14:4:17:Infinity":4,"s:15:6:15:Infinity":5,"s:16:6:16:Infinity":6,"s:19:27:19:Infinity":7,"s:20:17:22:Infinity":8,"s:24:4:24:Infinity":9,"b:26:4:29:Infinity:undefined:undefined:undefined:undefined":1,"s:26:4:29:Infinity":10,"s:27:6:27:Infinity":11,"s:28:6:28:Infinity":12,"s:30:4:30:Infinity":13,"s:34:21:62:Infinity":14,"f:34:21:34:28":1,"s:35:2:61:Infinity":15,"s:36:32:36:Infinity":16,"s:38:17:38:Infinity":17,"b:39:4:42:Infinity:undefined:undefined:undefined:undefined":2,"s:39:4:42:Infinity":18,"s:40:6:40:Infinity":19,"s:41:6:41:Infinity":20,"s:44:28:44:Infinity":21,"b:45:4:48:Infinity:undefined:undefined:undefined:undefined":3,"s:45:4:48:Infinity":22,"s:46:6:46:Infinity":23,"s:47:6:47:Infinity":24,"s:50:18:52:Infinity":25,"s:54:4:54:Infinity":26,"b:56:4:59:Infinity:undefined:undefined:undefined:undefined":4,"s:56:4:59:Infinity":27,"s:57:6:57:Infinity":28,"s:58:6:58:Infinity":29,"s:60:4:60:Infinity":30}}}
}
